<?xml version="1.0" encoding="utf-8"?><testsuites name="pytest tests"><testsuite name="pytest" errors="0" failures="0" skipped="1" tests="11" time="1.302" timestamp="2026-08-04T03:07:40.590445+00:00" hostname="agent-env-59e310d1-a10a-4951-887a-1d1e9f31eaec"><testcase classname="tests.test_iteration6_vps_install_html.TestGeneralRegression" name="test_health" time="0.224" /><testcase classname="tests.test_iteration6_vps_install_html.TestVpsInstallHtmlEndpoint" name="test_endpoint_returns_html" time="0.190" /><testcase classname="tests.test_iteration6_vps_install_html.TestVpsInstallHtmlEndpoint" name="test_content_disposition_attachment_filename" time="0.106" /><testcase classname="tests.test_iteration6_vps_install_html.TestGeneralRegression" name="test_plans_public" time="0.122" /><testcase classname="tests.test_iteration6_vps_install_html.TestVpsInstallHtmlEndpoint" name="test_body_starts_with_doctype_and_min_size" time="0.113" /><testcase classname="tests.test_iteration6_vps_install_html.TestGeneralRegression" name="test_admin_login" time="0.343" /><testcase classname="tests.test_iteration6_vps_install_html.TestVpsInstallHtmlEndpoint" name="test_body_contains_baked_values" time="0.279" /><testcase classname="tests.test_iteration6_vps_install_html.TestVpsInstallHtmlEndpoint" name="test_body_contains_required_headings" time="0.107" /><testcase classname="tests.test_iteration6_vps_install_html.TestVpsInstallHtmlMissingFile" name="test_placeholder" time="0.001"><skipped type="pytest.skip" message="negative test consolidated into TestVpsInstallHtmlEndpoint">/app/backend/tests/test_iteration6_vps_install_html.py:128: negative test consolidated into TestVpsInstallHtmlEndpoint</skipped></testcase><testcase classname="tests.test_iteration6_vps_install_html.TestPdfRegression" name="test_pdf_still_served" time="0.167" /><testcase classname="tests.test_iteration6_vps_install_html.TestVpsInstallHtmlEndpoint" name="test_zzz_missing_file_returns_404" time="0.108" /></testsuite></testsuites>