<?xml version="1.0" encoding="utf-8"?><testsuites name="pytest tests"><testsuite name="pytest" errors="0" failures="2" skipped="0" tests="25" time="5.366" timestamp="2026-07-16T02:50:17.011334+00:00" hostname="agent-env-59e310d1-a10a-4951-887a-1d1e9f31eaec"><testcase classname="tests.test_iteration2.TestBusinessHours" name="test_a_get_defaults" time="0.684" /><testcase classname="tests.test_iteration2.TestApiKeyScopes" name="test_a_available_scopes_listed" time="0.726" /><testcase classname="tests.test_iteration2.TestBusinessHours" name="test_b_invalid_timezone_400" time="0.087" /><testcase classname="tests.test_iteration2.TestApiKeyScopes" name="test_b_create_scoped_key" time="0.044" /><testcase classname="tests.test_iteration2.TestApiKeyScopes" name="test_c_list_shows_scopes" time="0.046" /><testcase classname="tests.test_iteration2.TestBusinessHours" name="test_c_invalid_time_format_400" time="0.043" /><testcase classname="tests.test_iteration2.TestBusinessHours" name="test_d_put_persists" time="0.126" /><testcase classname="tests.test_iteration2.TestApiKeyScopes" name="test_d_scope_read_allowed" time="0.167" /><testcase classname="tests.test_iteration2.TestApiKeyScopes" name="test_e_scope_send_denied" time="0.060" /><testcase classname="tests.test_iteration2.TestBusinessHours" name="test_e_within_hours_no_autoreply" time="1.240" /><testcase classname="tests.test_iteration2.TestApiKeyScopes" name="test_f_scope_logs_denied_without_scope" time="0.042" /><testcase classname="tests.test_iteration2.TestApiKeyScopes" name="test_g_logs_scope_grants" time="0.135" /><testcase classname="tests.test_iteration2.TestApiKeyScopes" name="test_h_full_access_key" time="0.151" /><testcase classname="tests.test_iteration2.TestApiKeyScopes" name="test_i_revoked_key_401" time="0.095" /><testcase classname="tests.test_iteration2.TestApiKeyScopes" name="test_j_cleanup" time="0.087" /><testcase classname="tests.test_iteration2.TestInternalGuards" name="test_missing_token_incoming" time="0.042" /><testcase classname="tests.test_iteration2.TestInternalGuards" name="test_missing_token_status" time="0.042"><failure message="assert 404 == 401&#10; +  where 404 = &lt;Response [404]&gt;.status_code">backend/tests/test_iteration2.py:528: in test_missing_token_status
    assert r.status_code == 401
E   assert 404 == 401
E    +  where 404 = &lt;Response [404]&gt;.status_code</failure></testcase><testcase classname="tests.test_iteration2.TestHealth" name="test_health_v1_1" time="0.064" /><testcase classname="tests.test_iteration2.TestAuthStillWorks" name="test_login_me_logout" time="0.684" /><testcase classname="tests.test_iteration2.TestBusinessHours" name="test_f_disabled_bh_incoming_still_stored" time="1.421" /><testcase classname="tests.test_iteration2.TestBruteForceLockout" name="test_lockout_after_5_fails" time="1.783" /><testcase classname="tests.test_iteration2.TestWebSocket" name="test_a_ws_no_cookie_closes_4401" time="0.243" /><testcase classname="tests.test_iteration2.TestWebSocket" name="test_b_ws_with_cookie_gets_hello_and_message" time="0.510" /><testcase classname="tests.test_iteration2.TestRateLimit" name="test_rate_limit_kicks_in" time="0.531" /><testcase classname="tests.test_iteration2.TestStatusCallback" name="test_status_mapping" time="0.044"><failure message="assert 404 == 200&#10; +  where 404 = &lt;Response [404]&gt;.status_code">backend/tests/test_iteration2.py:430: in test_status_mapping
    assert r.status_code == 200
E   assert 404 == 200
E    +  where 404 = &lt;Response [404]&gt;.status_code</failure></testcase></testsuite></testsuites>