<?xml version="1.0" encoding="utf-8"?><testsuites name="pytest tests"><testsuite name="pytest" errors="0" failures="0" skipped="0" tests="9" time="2.464" timestamp="2026-07-19T03:58:02.985090+00:00" hostname="agent-env-59e310d1-a10a-4951-887a-1d1e9f31eaec"><testcase classname="tests.test_iteration5_vps_install_pdf.TestVpsInstallPdfEndpoint" name="test_endpoint_returns_pdf" time="0.197" /><testcase classname="tests.test_iteration5_vps_install_pdf.TestVpsInstallPdfEndpoint" name="test_pdf_size_at_least_60kb" time="0.167" /><testcase classname="tests.test_iteration5_vps_install_pdf.TestVpsInstallPdfEndpoint" name="test_pdf_at_least_8_pages" time="0.123" /><testcase classname="tests.test_iteration5_vps_install_pdf.TestVpsInstallPdfEndpoint" name="test_served_pdf_matches_local" time="0.121" /><testcase classname="tests.test_iteration5_vps_install_pdf.TestVpsInstallPdfEndpoint" name="test_pdf_contains_new_phrases" time="0.173" /><testcase classname="tests.test_iteration5_vps_install_pdf.TestBuildScriptIdempotent" name="test_build_script_runs_twice" time="0.975" /><testcase classname="tests.test_iteration5_vps_install_pdf.TestRegression" name="test_health" time="0.155" /><testcase classname="tests.test_iteration5_vps_install_pdf.TestRegression" name="test_plans_public" time="0.101" /><testcase classname="tests.test_iteration5_vps_install_pdf.TestRegression" name="test_admin_login" time="0.343" /></testsuite></testsuites>