<?xml version="1.0" encoding="utf-8"?><testsuites name="pytest tests"><testsuite name="pytest" errors="0" failures="0" skipped="0" tests="4" time="0.959" timestamp="2026-08-04T03:08:00.252669+00:00" hostname="agent-env-59e310d1-a10a-4951-887a-1d1e9f31eaec"><testcase classname="tests.test_iteration7_vps_v2_extras.TestV2IsolationNamespaces" name="test_isolation_literals_present" time="0.153" /><testcase classname="tests.test_iteration7_vps_v2_extras.TestV2ShortSize" name="test_size_under_30kb" time="0.159" /><testcase classname="tests.test_iteration7_vps_v2_extras.TestV2UninstallCommands" name="test_uninstall_commands_verbatim" time="0.123" /><testcase classname="tests.test_iteration7_vps_v2_extras.TestV2PreflightCommands" name="test_preflight_commands_verbatim" time="0.133" /></testsuite></testsuites>