<?xml version="1.0" encoding="utf-8"?><testsuites name="pytest tests"><testsuite name="pytest" errors="0" failures="1" skipped="1" tests="11" time="1.152" timestamp="2026-07-19T04:09:13.215792+00:00" hostname="agent-env-59e310d1-a10a-4951-887a-1d1e9f31eaec"><testcase classname="tests.test_iteration6_vps_install_html.TestGeneralRegression" name="test_health" time="0.192" /><testcase classname="tests.test_iteration6_vps_install_html.TestVpsInstallHtmlEndpoint" name="test_endpoint_returns_html" time="0.197" /><testcase classname="tests.test_iteration6_vps_install_html.TestGeneralRegression" name="test_plans_public" time="0.104" /><testcase classname="tests.test_iteration6_vps_install_html.TestVpsInstallHtmlEndpoint" name="test_content_disposition_attachment_filename" time="0.095" /><testcase classname="tests.test_iteration6_vps_install_html.TestVpsInstallHtmlEndpoint" name="test_body_starts_with_doctype_and_min_size" time="0.099" /><testcase classname="tests.test_iteration6_vps_install_html.TestGeneralRegression" name="test_admin_login" time="0.385" /><testcase classname="tests.test_iteration6_vps_install_html.TestVpsInstallHtmlEndpoint" name="test_body_contains_baked_values" time="0.242" /><testcase classname="tests.test_iteration6_vps_install_html.TestVpsInstallHtmlEndpoint" name="test_body_contains_required_headings" time="0.107"><failure message="AssertionError: required section headings missing: ['remove any previous nginx config']&#10;assert not ['remove any previous nginx config']">E   AssertionError: required section headings missing: ['remove any previous nginx config']
    assert not ['remove any previous nginx config']</failure></testcase><testcase classname="tests.test_iteration6_vps_install_html.TestVpsInstallHtmlMissingFile" name="test_placeholder" time="0.000"><skipped type="pytest.skip" message="negative test consolidated into TestVpsInstallHtmlEndpoint">/app/backend/tests/test_iteration6_vps_install_html.py:120: negative test consolidated into TestVpsInstallHtmlEndpoint</skipped></testcase><testcase classname="tests.test_iteration6_vps_install_html.TestPdfRegression" name="test_pdf_still_served" time="0.136" /><testcase classname="tests.test_iteration6_vps_install_html.TestVpsInstallHtmlEndpoint" name="test_zzz_missing_file_returns_404" time="0.103" /></testsuite></testsuites>