<?xml version="1.0" encoding="utf-8"?><testsuites name="pytest tests"><testsuite name="pytest" errors="0" failures="0" skipped="0" tests="21" time="5.743" timestamp="2026-07-16T10:20:51.621264+00:00" hostname="agent-env-59e310d1-a10a-4951-887a-1d1e9f31eaec"><testcase classname="tests.test_iteration3.TestAdminUserCRUD" name="test_a_create_user" time="0.946" /><testcase classname="tests.test_iteration3.TestAdminUserCRUD" name="test_b_list_shows_effective_flags_and_limits" time="0.226" /><testcase classname="tests.test_iteration3.TestForgotPasswordOtp" name="test_a_request_otp_creates_doc" time="1.785" /><testcase classname="tests.test_iteration3.TestAdminUserCRUD" name="test_c_new_user_can_login" time="0.396" /><testcase classname="tests.test_iteration3.TestAdminUserCRUD" name="test_d_edit_user" time="0.061" /><testcase classname="tests.test_iteration3.TestAdminUserCRUD" name="test_e_extend_days" time="0.163" /><testcase classname="tests.test_iteration3.TestForgotPasswordOtp" name="test_b_verify_wrong_otp_400" time="0.053" /><testcase classname="tests.test_iteration3.TestAdminUserCRUD" name="test_f_set_password" time="0.774" /><testcase classname="tests.test_iteration3.TestForgotPasswordOtp" name="test_c_verify_correct_otp" time="0.234" /><testcase classname="tests.test_iteration3.TestForgotPasswordOtp" name="test_d_reset_password_with_otp" time="0.500" /><testcase classname="tests.test_iteration3.TestAdminUserCRUD" name="test_g_features_toggle_persists" time="0.333" /><testcase classname="tests.test_iteration3.TestForgotPasswordOtp" name="test_e_login_with_new_password" time="0.403" /><testcase classname="tests.test_iteration3.TestAdminUserCRUD" name="test_h_send_text_denied_by_flag" time="0.385" /><testcase classname="tests.test_iteration3.TestSmtpSettings" name="test_get_masked" time="0.257" /><testcase classname="tests.test_iteration3.TestSmtpSettings" name="test_put_keeps_password_when_empty" time="0.045" /><testcase classname="tests.test_iteration3.TestSmtpSettings" name="test_put_updates_password_when_provided" time="0.082" /><testcase classname="tests.test_iteration3.TestAdminUserCRUD" name="test_i_delete_user_and_cleanup" time="0.170" /><testcase classname="tests.test_iteration3.TestAdminSessions" name="test_list_user_sessions" time="0.062" /><testcase classname="tests.test_iteration3.TestAdminSessions" name="test_send_text_404_for_bad_session" time="0.045" /><testcase classname="tests.test_iteration3.TestAdminChangeOwnPassword" name="test_wrong_current_400" time="0.277" /><testcase classname="tests.test_iteration3.TestAdminChangeOwnPassword" name="test_correct_then_revert" time="1.697" /></testsuite></testsuites>