<?xml version="1.0" encoding="utf-8"?><testsuites name="pytest tests"><testsuite name="pytest" errors="0" failures="0" skipped="0" tests="12" time="5.409" timestamp="2026-07-16T15:50:58.970374+00:00" hostname="agent-env-59e310d1-a10a-4951-887a-1d1e9f31eaec"><testcase classname="tests.test_iteration4_crm_status.TestPublicListSessions" name="test_list_requires_bearer" time="0.276" /><testcase classname="tests.test_iteration4_crm_status.TestPublicListSessions" name="test_list_rejects_bad_key" time="0.230" /><testcase classname="tests.test_iteration4_crm_status.TestPublicListSessions" name="test_list_returns_enriched_sessions" time="2.914" /><testcase classname="tests.test_iteration4_crm_status.TestPublicGetSession" name="test_requires_bearer" time="0.187" /><testcase classname="tests.test_iteration4_crm_status.TestPublicGetSession" name="test_returns_enriched_shape" time="0.208" /><testcase classname="tests.test_iteration4_crm_status.TestPublicGetSession" name="test_missing_slug_returns_404" time="0.114" /><testcase classname="tests.test_iteration4_crm_status.TestPublicSessionStatus" name="test_requires_bearer" time="0.155" /><testcase classname="tests.test_iteration4_crm_status.TestPublicSessionStatus" name="test_status_shape" time="0.191" /><testcase classname="tests.test_iteration4_crm_status.TestPublicSessionStatus" name="test_status_missing_slug_returns_404" time="0.159" /><testcase classname="tests.test_iteration4_crm_status.TestDashboardRegression" name="test_dashboard_list_enriched" time="0.103" /><testcase classname="tests.test_iteration4_crm_status.TestDashboardRegression" name="test_dashboard_get_one_enriched" time="0.085" /><testcase classname="tests.test_iteration4_crm_status.TestScopeGuard" name="test_scope_missing_returns_403" time="0.713" /></testsuite></testsuites>