<?xml version="1.0" encoding="utf-8"?><testsuites name="pytest tests"><testsuite name="pytest" errors="0" failures="0" skipped="0" tests="39" time="3.974" timestamp="2026-07-15T20:55:10.322666+00:00" hostname="agent-env-59e310d1-a10a-4951-887a-1d1e9f31eaec"><testcase classname="tests.test_whatsapp_api.TestUnauthorized" name="test_requires_auth[/api/stats]" time="0.350" /><testcase classname="tests.test_whatsapp_api.TestApiKeys" name="test_a_create_returns_full_key" time="0.446" /><testcase classname="tests.test_whatsapp_api.TestUnauthorized" name="test_requires_auth[/api/sessions]" time="0.046" /><testcase classname="tests.test_whatsapp_api.TestUnauthorized" name="test_requires_auth[/api/rules]" time="0.042" /><testcase classname="tests.test_whatsapp_api.TestUnauthorized" name="test_requires_auth[/api/webhooks]" time="0.084" /><testcase classname="tests.test_whatsapp_api.TestApiKeys" name="test_b_list_returns_masked" time="0.048" /><testcase classname="tests.test_whatsapp_api.TestApiKeys" name="test_c_public_send_text_no_auth_401" time="0.108" /><testcase classname="tests.test_whatsapp_api.TestUnauthorized" name="test_requires_auth[/api/logs]" time="0.044" /><testcase classname="tests.test_whatsapp_api.TestUnauthorized" name="test_requires_auth[/api/api-keys]" time="0.091" /><testcase classname="tests.test_whatsapp_api.TestApiKeys" name="test_d_public_send_text_bogus_bearer_401" time="0.047" /><testcase classname="tests.test_whatsapp_api.TestApiKeys" name="test_e_public_send_text_valid_key_expected_error" time="0.067" /><testcase classname="tests.test_whatsapp_api.TestAuth" name="test_login_success_sets_cookies_and_returns_user" time="0.377" /><testcase classname="tests.test_whatsapp_api.TestApiKeys" name="test_f_public_list_sessions_with_key" time="0.081" /><testcase classname="tests.test_whatsapp_api.TestApiKeys" name="test_g_revoke" time="0.687" /><testcase classname="tests.test_whatsapp_api.TestAuth" name="test_login_invalid" time="0.449" /><testcase classname="tests.test_whatsapp_api.TestApiKeys" name="test_h_delete" time="0.055" /><testcase classname="tests.test_whatsapp_api.TestWebhooks" name="test_a_create" time="0.050" /><testcase classname="tests.test_whatsapp_api.TestWebhooks" name="test_b_list" time="0.251" /><testcase classname="tests.test_whatsapp_api.TestAuth" name="test_me_with_cookie" time="0.413" /><testcase classname="tests.test_whatsapp_api.TestWebhooks" name="test_c_update" time="0.097" /><testcase classname="tests.test_whatsapp_api.TestAuth" name="test_refresh_issues_new_access" time="0.428" /><testcase classname="tests.test_whatsapp_api.TestWebhooks" name="test_d_test_endpoint" time="0.737" /><testcase classname="tests.test_whatsapp_api.TestAuth" name="test_logout_clears_cookies_and_me_401" time="0.421" /><testcase classname="tests.test_whatsapp_api.TestWebhooks" name="test_e_delete" time="0.096" /><testcase classname="tests.test_whatsapp_api.TestSessions" name="test_a_create_session" time="0.207" /><testcase classname="tests.test_whatsapp_api.TestRules" name="test_a_create" time="0.055" /><testcase classname="tests.test_whatsapp_api.TestRules" name="test_b_list" time="0.061" /><testcase classname="tests.test_whatsapp_api.TestRules" name="test_c_update" time="0.061" /><testcase classname="tests.test_whatsapp_api.TestRules" name="test_d_delete" time="0.154" /><testcase classname="tests.test_whatsapp_api.TestSessions" name="test_b_list_contains" time="0.077" /><testcase classname="tests.test_whatsapp_api.TestSessions" name="test_c_get_detail" time="0.072" /><testcase classname="tests.test_whatsapp_api.TestSessions" name="test_d_delete" time="0.076" /><testcase classname="tests.test_whatsapp_api.TestInternalCallback" name="test_a_missing_token_401" time="0.046" /><testcase classname="tests.test_whatsapp_api.TestInternalCallback" name="test_b_bad_token_401" time="0.047" /><testcase classname="tests.test_whatsapp_api.TestStatsAndLogs" name="test_stats_shape" time="0.116" /><testcase classname="tests.test_whatsapp_api.TestInternalCallback" name="test_c_valid_token_stores_incoming_message" time="0.109" /><testcase classname="tests.test_whatsapp_api.TestStatsAndLogs" name="test_logs_returns_list" time="0.052" /><testcase classname="tests.test_whatsapp_api.TestInternalCallback" name="test_d_auto_reply_engine_no_crash" time="0.292" /><testcase classname="tests.test_whatsapp_api.TestHealth" name="test_health" time="0.112" /></testsuite></testsuites>